<?xml version="1.0" encoding="UTF-8"?>
<testng-results skipped="0" failed="0" ignored="0" total="1" passed="1">
  <reporter-output>
  </reporter-output>
  <suite name="Default suite" duration-ms="30238" started-at="2021-02-03T20:02:20 CST" finished-at="2021-02-03T20:02:50 CST">
    <groups>
    </groups>
    <test name="Default test" duration-ms="30238" started-at="2021-02-03T20:02:20 CST" finished-at="2021-02-03T20:02:50 CST">
      <class name="test.AddNewBankAccountTest">
        <test-method status="PASS" signature="loginTest()[pri:0, instance:test.AddNewBankAccountTest@7586beff]" name="loginTest" duration-ms="27097" started-at="2021-02-03T20:02:20 CST" finished-at="2021-02-03T20:02:47 CST">
          <reporter-output>
          </reporter-output>
        </test-method> <!-- loginTest -->
        <test-method status="PASS" signature="TearDown()[pri:0, instance:test.AddNewBankAccountTest@7586beff]" name="TearDown" is-config="true" duration-ms="3068" started-at="2021-02-03T20:02:47 CST" finished-at="2021-02-03T20:02:50 CST">
          <reporter-output>
          </reporter-output>
        </test-method> <!-- TearDown -->
      </class> <!-- test.AddNewBankAccountTest -->
    </test> <!-- Default test -->
  </suite> <!-- Default suite -->
</testng-results>
